Added Pin To Net: NetName=PA10 Pin=CN1-1
Added Pin To Net: NetName=PE11 Pin=CN1-2
Added Pin To Net: NetName=PA12 Pin=CN1-3
Added Pin To Net: NetName=PA2 Pin=CN1-4
Added Pin To Net: NetName=PA6 Pin=CN1-9
Added Pin To Net: NetName=PA7 Pin=CN1-11
Added Pin To Net: NetName=PA7 Pin=CN1-21
Added Pin To Net: NetName=PA13 Pin=CN1-23
Added Pin To Net: NetName=PA14 Pin=CN1-25
Added Pin To Net: NetName=PA15 Pin=CN1-27
Added Pin To Net: NetName=PA0 Pin=CN1-29
Added Pin To Net: NetName=PA1 Pin=CN1-31
Added Pin To Net: NetName=PA0 Pin=CN1-34
Added Pin To Net: NetName=PA2 Pin=CN1-35
Added Pin To Net: NetName=PA1 Pin=CN1-36
Added Pin To Net: NetName=PA3 Pin=CN1-37
Added Pin To Net: NetName=PA0 Pin=CN1-38
Added Pin To Net: NetName=PA4 Pin=CN1-39
Added Pin To Net: NetName=PA3 Pin=CN1-40
Added Pin To Net: NetName=PA5 Pin=CN1-41
Added Pin To Net: NetName=PA2 Pin=CN1-42
Added Pin To Net: NetName=PA6 Pin=CN1-43
Added Pin To Net: NetName=PA3 Pin=CN1-44
Added Pin To Net: NetName=PA7 Pin=CN1-45
Added Pin To Net: NetName=PA2 Pin=CN1-46
Added Pin To Net: NetName=PA3 Pin=CN1-47
Added Pin To Net: NetName=PA4 Pin=CN1-48
Added Pin To Net: NetName=PA5 Pin=CN1-50
Added Pin To Net: NetName=PA1 Pin=CN1-51
Added Pin To Net: NetName=PA2 Pin=CN1-52
Added Pin To Net: NetName=PA0 Pin=CN1-53
Added Pin To Net: NetName=PA8 Pin=CN1-54
Added Pin To Net: NetName=PA1 Pin=CN1-55
Added Pin To Net: NetName=PE9 Pin=CN1-56
Added Pin To Net: NetName=PA0 Pin=CN1-57
Added Pin To Net: NetName=PA1 Pin=CN1-58
Added Pin To Net: NetName=PA0 Pin=CN1-59
Added Pin To Net: NetName=PA1 Pin=CN1-61
Added Pin To Net: NetName=PA6 Pin=CN1-62
Added Pin To Net: NetName=PE9 Pin=CN1-63
Added Pin To Net: NetName=PA15 Pin=CN1-64
Added Pin To Net: NetName=PA12 Pin=CN1-65
Added Pin To Net: NetName=PA10 Pin=CN1-66
Added Pin To Net: NetName=PA13 Pin=CN1-68
Added Pin To Net: NetName=PE9 Pin=CN1-69
Added Pin To Net: NetName=PE11 Pin=CN1-70
Added Pin To Net: NetName=PE9 Pin=CN2-1
Added Pin To Net: NetName=PA8 Pin=CN2-3
Added Pin To Net: NetName=PA6 Pin=CN2-4
Added Pin To Net: NetName=PE9 Pin=CN2-5
Added Pin To Net: NetName=PA5 Pin=CN2-6
Added Pin To Net: NetName=PA8 Pin=CN2-10
Added Pin To Net: NetName=PE11 Pin=CN2-14
Added Pin To Net: NetName=PA12 Pin=CN2-16
Added Pin To Net: NetName=PA6 Pin=CN2-17
Added Pin To Net: NetName=PE11 Pin=CN2-18
Added Pin To Net: NetName=PA7 Pin=CN2-19
Added Pin To Net: NetName=PE9 Pin=CN2-21
Added Pin To Net: NetName=PA2 Pin=CN2-22
Added Pin To Net: NetName=PA1 Pin=CN2-24
Added Pin To Net: NetName=PA10 Pin=CN2-25
Added Pin To Net: NetName=PA15 Pin=CN2-26
Added Pin To Net: NetName=PA4 Pin=CN2-27
Added Pin To Net: NetName=PA14 Pin=CN2-28
Added Pin To Net: NetName=PA5 Pin=CN2-29
Added Pin To Net: NetName=PA13 Pin=CN2-30
Added Pin To Net: NetName=PA3 Pin=CN2-31
Added Pin To Net: NetName=PA4 Pin=CN2-34
Added Pin To Net: NetName=PA5 Pin=CN2-36
Added Pin To Net: NetName=PA4 Pin=CN2-38
Added Pin To Net: NetName=PA8 Pin=CN2-40
Added Pin To Net: NetName=PA13 Pin=CN2-41
Added Pin To Net: NetName=PA10 Pin=CN2-42
Added Pin To Net: NetName=PA12 Pin=CN2-43
Added Pin To Net: NetName=PA7 Pin=CN2-44
Added Pin To Net: NetName=PE11 Pin=CN2-45
Added Pin To Net: NetName=PA14 Pin=CN2-46
Added Pin To Net: NetName=PA10 Pin=CN2-47
Added Pin To Net: NetName=PA15 Pin=CN2-48
Added Pin To Net: NetName=PA12 Pin=CN2-49
Added Pin To Net: NetName=PA14 Pin=CN2-50
Added Pin To Net: NetName=PA14 Pin=CN2-51
Added Pin To Net: NetName=PA15 Pin=CN2-53
Added Pin To Net: NetName=PA13 Pin=CN2-55
Added Pin To Net: NetName=PE11 Pin=CN2-56
Added Pin To Net: NetName=PA13 Pin=CN2-57
Added Pin To Net: NetName=PA3 Pin=CN2-58
Added Pin To Net: NetName=PA12 Pin=CN2-59
Added Pin To Net: NetName=PA15 Pin=CN2-60
Added Pin To Net: NetName=PA14 Pin=CN2-61
Added Pin To Net: NetName=PE11 Pin=CN2-62
Added Pin To Net: NetName=PA0 Pin=CN2-64
Added Pin To Net: NetName=PA10 Pin=CN2-65
Added Pin To Net: NetName=PA8 Pin=CN2-66
Added Pin To Net: NetName=PA7 Pin=CN2-67
Added Pin To Net: NetName=PA5 Pin=CN2-68
Added Pin To Net: NetName=PA4 Pin=CN2-69
Added Pin To Net: NetName=PA6 Pin=CN2-70
Added Pin To Net: NetName=PE11 Pin=R22-1
Added Pin To Net: NetName=PE11 Pin=U7-1
Added Pin To Net: NetName=PE11 Pin=U7-4
Added Pin To Net: NetName=PA6 Pin=U16-2
Added Pin To Net: NetName=PE9 Pin=U16-8
Added Pin To Net: NetName=PA7 Pin=U16-13
Added Pin To Net: NetName=PA3 Pin=U16-14
Added Pin To Net: NetName=PA4 Pin=U22-1
Added Pin To Net: NetName=PA4 Pin=U22-4
Added Pin To Net: NetName=PA1 Pin=U23-1
Added Pin To Net: NetName=PA1 Pin=U23-4
Change Net Name : Old Net Name=PE9 New Net Name=PA9
Change Net Name : Old Net Name=PE11 New Net Name=PA11
Added Member To Class: ClassName=PA[0..15] Member=Element[11]: PA
Added Member To Class: ClassName=PA[0..15] Member=Element[12]: PA
