Removed Member From Class: ClassName=Feedback Member=C33
Removed Member From Class: ClassName=zp_zh Member=C35
Removed Member From Class: ClassName=zp_zh Member=C36
Change Component Designator: OldDesignator=C11 NewDesignator=C12
Change Component Designator: OldDesignator=C12 NewDesignator=C11
Change Component Designator: OldDesignator=C14 NewDesignator=C15
Change Component Designator: OldDesignator=C15 NewDesignator=C14
Change Component Designator: OldDesignator=C18 NewDesignator=C20
Change Component Designator: OldDesignator=C19 NewDesignator=C18
Change Component Designator: OldDesignator=C20 NewDesignator=C22
Change Component Designator: OldDesignator=C22 NewDesignator=C25
Change Component Designator: OldDesignator=C23 NewDesignator=C27
Change Component Designator: OldDesignator=C24 NewDesignator=C28
Change Component Designator: OldDesignator=C25 NewDesignator=C29
Change Component Designator: OldDesignator=C26 NewDesignator=C30
Change Component Designator: OldDesignator=C27 NewDesignator=C31
Change Component Designator: OldDesignator=C28 NewDesignator=C32
Change Component Designator: OldDesignator=C29 NewDesignator=C33
Change Component Designator: OldDesignator=C30 NewDesignator=C34
Change Component Designator: OldDesignator=C31 NewDesignator=C35
Change Component Designator: OldDesignator=C32 NewDesignator=C36
Change Component Designator: OldDesignator=C33 NewDesignator=C19
Change Component Designator: OldDesignator=C34 NewDesignator=C23
Change Component Designator: OldDesignator=C35 NewDesignator=C24
Change Component Designator: OldDesignator=C36 NewDesignator=C26
Change Component Designator: OldDesignator=U16 NewDesignator=U18
Change Component Designator: OldDesignator=U17 NewDesignator=U19
Change Component Designator: OldDesignator=U18 NewDesignator=U16
Change Component Designator: OldDesignator=U19 NewDesignator=U17
Added Pin To Net: NetName=-5 Pin=U4-4
Added Pin To Net: NetName=PF14 Pin=U11-9
Change Net Name : Old Net Name=NetC18_1 New Net Name=NetC20_1
Change Net Name : Old Net Name=NetC18_2 New Net Name=NetC20_2
Change Net Name : Old Net Name=NetC20_1 New Net Name=NetC22_1
Change Net Name : Old Net Name=NetC20_2 New Net Name=NetC22_2
Change Net Name : Old Net Name=NetC23_1 New Net Name=NetC27_1
Change Net Name : Old Net Name=NetC31_2 New Net Name=NetC35_2
Change Net Name : Old Net Name=NetC32_2 New Net Name=NetC36_2
Added Member To Class: ClassName=Feedback Member=Component C22 1uF
Added Member To Class: ClassName=zp_zh Member=Component C28 0.1uF
Added Member To Class: ClassName=zp_zh Member=Component C30 CAP CER 0.1UF 25V X7R 0805
