Removed Pin From Net: NetName=PG9 Pin=U16-8
Removed Member From Class: ClassName=U_zp_zh Member=C24
Removed Member From Class: ClassName=U_zp_zh Member=R46
Change Component Footprint: Designator=R3 Old Footprint=RESC0603(1608)_L New Footprint=RESC0402(1005)_M
Change Component Footprint: Designator=R7 Old Footprint=RESC0603(1608)_L New Footprint=RESC0402(1005)_M
Change Component Comment : Designator=R3 Old Comment=100 New Comment=100 1% 0402(1005)
Change Component Comment : Designator=R7 Old Comment=100 New Comment=100 1% 0402(1005)
Change component parameters: Designator = "R3"; Footprint = "RESC0402(1005)_M"; UniqueID = "\OUWECVDB\BBSTEHBN\TOWYQASY"
Change component parameters. Clean all parameters for all variants
Change component parameters (AddParameter): Name = "Case-EIA"; Value = "0402"; VariantName = "[No Variations]"
Change component parameters (AddParameter): Name = "Case-Metric"; Value = "1005"; VariantName = "[No Variations]"
Change component parameters (AddParameter): Name = "Power"; Value = "0.063 W"; VariantName = "[No Variations]"
Change component parameters (AddParameter): Name = "Technology"; Value = "SMT"; VariantName = "[No Variations]"
Change component parameters (AddParameter): Name = "Tolerance"; Value = "1 %"; VariantName = "[No Variations]"
Change component parameters (AddParameter): Name = "Value"; Value = "100"; VariantName = "[No Variations]"
Change component parameters: Designator = "R7"; Footprint = "RESC0402(1005)_M"; UniqueID = "\OUWECVDB\BBSTEHBN\LLRBMUZG"
Change component parameters. Clean all parameters for all variants
Change component parameters (AddParameter): Name = "Case-EIA"; Value = "0402"; VariantName = "[No Variations]"
Change component parameters (AddParameter): Name = "Case-Metric"; Value = "1005"; VariantName = "[No Variations]"
Change component parameters (AddParameter): Name = "Power"; Value = "0.063 W"; VariantName = "[No Variations]"
Change component parameters (AddParameter): Name = "Technology"; Value = "SMT"; VariantName = "[No Variations]"
Change component parameters (AddParameter): Name = "Tolerance"; Value = "1 %"; VariantName = "[No Variations]"
Change component parameters (AddParameter): Name = "Value"; Value = "100"; VariantName = "[No Variations]"
Added Pin To Net: NetName=PG9 Pin=U16-8
