Removed Pin From Net: NetName=PA10 Pin=CN1-1
Removed Pin From Net: NetName=PA11 Pin=CN1-2
Removed Pin From Net: NetName=PA12 Pin=CN1-3
Removed Pin From Net: NetName=PA2 Pin=CN1-4
Removed Pin From Net: NetName=PA6 Pin=CN1-9
Removed Pin From Net: NetName=PA7 Pin=CN1-11
Removed Pin From Net: NetName=PA7 Pin=CN1-21
Removed Pin From Net: NetName=PA13 Pin=CN1-23
Removed Pin From Net: NetName=PA14 Pin=CN1-25
Removed Pin From Net: NetName=PA15 Pin=CN1-27
Removed Pin From Net: NetName=PA0 Pin=CN1-29
Removed Pin From Net: NetName=PA1 Pin=CN1-30
Removed Pin From Net: NetName=PA1 Pin=CN1-31
Removed Pin From Net: NetName=PA0 Pin=CN1-34
Removed Pin From Net: NetName=PA2 Pin=CN1-35
Removed Pin From Net: NetName=PA1 Pin=CN1-36
Removed Pin From Net: NetName=PA3 Pin=CN1-37
Removed Pin From Net: NetName=PA0 Pin=CN1-38
Removed Pin From Net: NetName=PA4 Pin=CN1-39
Removed Pin From Net: NetName=PA3 Pin=CN1-40
Removed Pin From Net: NetName=PA5 Pin=CN1-41
Removed Pin From Net: NetName=PA2 Pin=CN1-42
Removed Pin From Net: NetName=PA6 Pin=CN1-43
Removed Pin From Net: NetName=PA3 Pin=CN1-44
Removed Pin From Net: NetName=PA7 Pin=CN1-45
Removed Pin From Net: NetName=PA2 Pin=CN1-46
Removed Pin From Net: NetName=PA3 Pin=CN1-47
Removed Pin From Net: NetName=PA4 Pin=CN1-48
Removed Pin From Net: NetName=PA5 Pin=CN1-50
Removed Pin From Net: NetName=PA1 Pin=CN1-51
Removed Pin From Net: NetName=PA2 Pin=CN1-52
Removed Pin From Net: NetName=PA0 Pin=CN1-53
Removed Pin From Net: NetName=PA8 Pin=CN1-54
Removed Pin From Net: NetName=PA1 Pin=CN1-55
Removed Pin From Net: NetName=PA9 Pin=CN1-56
Removed Pin From Net: NetName=PA0 Pin=CN1-57
Removed Pin From Net: NetName=PA1 Pin=CN1-58
Removed Pin From Net: NetName=PA0 Pin=CN1-59
Removed Pin From Net: NetName=PA1 Pin=CN1-61
Removed Pin From Net: NetName=PA6 Pin=CN1-62
Removed Pin From Net: NetName=PA9 Pin=CN1-63
Removed Pin From Net: NetName=PA15 Pin=CN1-64
Removed Pin From Net: NetName=PA12 Pin=CN1-65
Removed Pin From Net: NetName=PA10 Pin=CN1-66
Removed Pin From Net: NetName=PA13 Pin=CN1-68
Removed Pin From Net: NetName=PA9 Pin=CN1-69
Removed Pin From Net: NetName=PA11 Pin=CN1-70
Removed Pin From Net: NetName=PA9 Pin=CN2-1
Removed Pin From Net: NetName=PA8 Pin=CN2-3
Removed Pin From Net: NetName=PA6 Pin=CN2-4
Removed Pin From Net: NetName=PA9 Pin=CN2-5
Removed Pin From Net: NetName=PA5 Pin=CN2-6
Removed Pin From Net: NetName=PA8 Pin=CN2-10
Removed Pin From Net: NetName=PA5 Pin=CN2-11
Removed Pin From Net: NetName=PA11 Pin=CN2-14
Removed Pin From Net: NetName=PA12 Pin=CN2-16
Removed Pin From Net: NetName=PA6 Pin=CN2-17
Removed Pin From Net: NetName=PA11 Pin=CN2-18
Removed Pin From Net: NetName=PA7 Pin=CN2-19
Removed Pin From Net: NetName=PA9 Pin=CN2-21
Removed Pin From Net: NetName=PA2 Pin=CN2-22
Removed Pin From Net: NetName=PA10 Pin=CN2-25
Removed Pin From Net: NetName=PA15 Pin=CN2-26
Removed Pin From Net: NetName=PA4 Pin=CN2-27
Removed Pin From Net: NetName=PA14 Pin=CN2-28
Removed Pin From Net: NetName=PA5 Pin=CN2-29
Removed Pin From Net: NetName=PA13 Pin=CN2-30
Removed Pin From Net: NetName=PA3 Pin=CN2-31
Removed Pin From Net: NetName=PA4 Pin=CN2-34
Removed Pin From Net: NetName=PA5 Pin=CN2-36
Removed Pin From Net: NetName=PA4 Pin=CN2-38
Removed Pin From Net: NetName=PA8 Pin=CN2-40
Removed Pin From Net: NetName=PA13 Pin=CN2-41
Removed Pin From Net: NetName=PA10 Pin=CN2-42
Removed Pin From Net: NetName=PA12 Pin=CN2-43
Removed Pin From Net: NetName=PA7 Pin=CN2-44
Removed Pin From Net: NetName=PA11 Pin=CN2-45
Removed Pin From Net: NetName=PA14 Pin=CN2-46
Removed Pin From Net: NetName=PA10 Pin=CN2-47
Removed Pin From Net: NetName=PA15 Pin=CN2-48
Removed Pin From Net: NetName=PA12 Pin=CN2-49
Removed Pin From Net: NetName=PA14 Pin=CN2-50
Removed Pin From Net: NetName=PA14 Pin=CN2-51
Removed Pin From Net: NetName=PA9 Pin=CN2-52
Removed Pin From Net: NetName=PA15 Pin=CN2-53
Removed Pin From Net: NetName=PA13 Pin=CN2-55
Removed Pin From Net: NetName=PA11 Pin=CN2-56
Removed Pin From Net: NetName=PA13 Pin=CN2-57
Removed Pin From Net: NetName=PA3 Pin=CN2-58
Removed Pin From Net: NetName=PA12 Pin=CN2-59
Removed Pin From Net: NetName=PA15 Pin=CN2-60
Removed Pin From Net: NetName=PA14 Pin=CN2-61
Removed Pin From Net: NetName=PA11 Pin=CN2-62
Removed Pin From Net: NetName=PA0 Pin=CN2-64
Removed Pin From Net: NetName=PA10 Pin=CN2-65
Removed Pin From Net: NetName=PA8 Pin=CN2-66
Removed Pin From Net: NetName=PA7 Pin=CN2-67
Removed Pin From Net: NetName=PA5 Pin=CN2-68
Removed Pin From Net: NetName=PA4 Pin=CN2-69
Removed Pin From Net: NetName=PA6 Pin=CN2-70
Removed Pin From Net: NetName=PA11 Pin=U7-1
Removed Pin From Net: NetName=PA11 Pin=U7-4
Removed Pin From Net: NetName=PA6 Pin=U16-2
Removed Pin From Net: NetName=PA9 Pin=U16-8
Removed Pin From Net: NetName=PA7 Pin=U16-13
Removed Pin From Net: NetName=PA3 Pin=U16-14
Added Pin To Net: NetName=PA6 Pin=CN2-11
Change Net Name : Old Net Name=PA1 New Net Name=PB1
Change Net Name : Old Net Name=PA6 New Net Name=PA5
Change Net Name : Old Net Name=PA9 New Net Name=PWM65KHz
Change Net Name : Old Net Name=PA11 New Net Name=PWM65KHz_180
Change Net Name : Old Net Name=Sync_clk New Net Name=NetR20_2
Added Pin To Net: NetName=PA1 Pin=CN1-30
Added Net: Name=PA1
Added Pin To Net: NetName=PA9 Pin=CN2-21
Added Net: Name=PA9
Added Pin To Net: NetName=PA11 Pin=CN2-14
Added Net: Name=PA11
Added Pin To Net: NetName=PB0 Pin=CN1-34
Added Net: Name=PB0
Added Pin To Net: NetName=PB2 Pin=CN2-22
Added Net: Name=PB2
Added Pin To Net: NetName=PB3 Pin=CN2-31
Added Pin To Net: NetName=PB3 Pin=U16-14
Added Net: Name=PB3
Added Pin To Net: NetName=PB4 Pin=CN2-27
Added Net: Name=PB4
Added Pin To Net: NetName=PB5 Pin=CN2-29
Added Net: Name=PB5
Added Pin To Net: NetName=PB6 Pin=CN2-17
Added Net: Name=PB6
Added Pin To Net: NetName=PB7 Pin=CN1-21
Added Net: Name=PB7
Added Pin To Net: NetName=PB8 Pin=CN2-3
Added Net: Name=PB8
Added Pin To Net: NetName=PB9 Pin=CN2-5
Added Net: Name=PB9
Added Pin To Net: NetName=PB10 Pin=CN2-25
Added Net: Name=PB10
Added Pin To Net: NetName=PB11 Pin=CN2-18
Added Net: Name=PB11
Added Pin To Net: NetName=PB12 Pin=CN2-16
Added Net: Name=PB12
Added Pin To Net: NetName=PB13 Pin=CN2-30
Added Net: Name=PB13
Added Pin To Net: NetName=PB14 Pin=CN2-28
Added Net: Name=PB14
Added Pin To Net: NetName=PB15 Pin=CN2-26
Added Net: Name=PB15
Added Pin To Net: NetName=PC0 Pin=CN1-38
Added Net: Name=PC0
Added Pin To Net: NetName=PC1 Pin=CN1-36
Added Net: Name=PC1
Added Pin To Net: NetName=PC2 Pin=CN1-35
Added Net: Name=PC2
Added Pin To Net: NetName=PC3 Pin=CN1-37
Added Net: Name=PC3
Added Pin To Net: NetName=PC4 Pin=CN2-34
Added Net: Name=PC4
Added Pin To Net: NetName=PC5 Pin=CN2-6
Added Net: Name=PC5
Added Pin To Net: NetName=PC6 Pin=CN2-4
Added Net: Name=PC6
Added Pin To Net: NetName=PC7 Pin=CN2-19
Added Net: Name=PC7
Added Pin To Net: NetName=PC9 Pin=CN2-1
Added Net: Name=PC9
Added Pin To Net: NetName=PC10 Pin=CN1-1
Added Net: Name=PC10
Added Pin To Net: NetName=PC11 Pin=CN1-2
Added Net: Name=PC11
Added Pin To Net: NetName=PC12 Pin=CN1-3
Added Net: Name=PC12
Added Pin To Net: NetName=PC13 Pin=CN1-23
Added Net: Name=PC13
Added Pin To Net: NetName=PC14 Pin=CN1-25
Added Net: Name=PC14
Added Pin To Net: NetName=PC15 Pin=CN1-27
Added Net: Name=PC15
Added Pin To Net: NetName=PD0 Pin=CN1-57
Added Net: Name=PD0
Added Pin To Net: NetName=PD1 Pin=CN1-55
Added Net: Name=PD1
Added Pin To Net: NetName=PD2 Pin=CN1-4
Added Net: Name=PD2
Added Pin To Net: NetName=PD3 Pin=CN1-40
Added Net: Name=PD3
Added Pin To Net: NetName=PD4 Pin=CN1-39
Added Net: Name=PD4
Added Pin To Net: NetName=PD5 Pin=CN1-41
Added Net: Name=PD5
Added Pin To Net: NetName=PD6 Pin=CN1-43
Added Pin To Net: NetName=PD6 Pin=U16-2
Added Net: Name=PD6
Added Pin To Net: NetName=PD7 Pin=CN1-45
Added Pin To Net: NetName=PD7 Pin=U16-13
Added Net: Name=PD7
Added Pin To Net: NetName=PD8 Pin=CN2-10
Added Net: Name=PD8
Added Pin To Net: NetName=PD9 Pin=CN1-69
Added Net: Name=PD9
Added Pin To Net: NetName=PD10 Pin=CN2-65
Added Net: Name=PD10
Added Pin To Net: NetName=PD11 Pin=CN2-45
Added Net: Name=PD11
Added Pin To Net: NetName=PD12 Pin=CN2-43
Added Net: Name=PD12
Added Pin To Net: NetName=PD13 Pin=CN2-41
Added Net: Name=PD13
Added Pin To Net: NetName=PD14 Pin=CN2-46
Added Net: Name=PD14
Added Pin To Net: NetName=PD15 Pin=CN2-48
Added Net: Name=PD15
Added Pin To Net: NetName=PE0 Pin=CN2-64
Added Net: Name=PE0
Added Pin To Net: NetName=PE1 Pin=CN1-61
Added Net: Name=PE1
Added Pin To Net: NetName=PE2 Pin=CN1-46
Added Net: Name=PE2
Added Pin To Net: NetName=PE3 Pin=CN1-47
Added Net: Name=PE3
Added Pin To Net: NetName=PE4 Pin=CN1-48
Added Net: Name=PE4
Added Pin To Net: NetName=PE5 Pin=CN1-50
Added Net: Name=PE5
Added Pin To Net: NetName=PE6 Pin=CN1-62
Added Net: Name=PE6
Added Pin To Net: NetName=PE7 Pin=CN2-44
Added Net: Name=PE7
Added Pin To Net: NetName=PE8 Pin=CN2-40
Added Net: Name=PE8
Added Pin To Net: NetName=PE9 Pin=CN2-52
Added Net: Name=PE9
Added Pin To Net: NetName=PE10 Pin=CN2-47
Added Net: Name=PE10
Added Pin To Net: NetName=PE11 Pin=CN2-56
Added Net: Name=PE11
Added Pin To Net: NetName=PE12 Pin=CN2-49
Added Net: Name=PE12
Added Pin To Net: NetName=PE13 Pin=CN2-55
Added Net: Name=PE13
Added Pin To Net: NetName=PE14 Pin=CN2-51
Added Net: Name=PE14
Added Pin To Net: NetName=PE15 Pin=CN2-53
Added Net: Name=PE15
Added Pin To Net: NetName=PF0 Pin=CN1-53
Added Net: Name=PF0
Added Pin To Net: NetName=PF1 Pin=CN1-51
Added Net: Name=PF1
Added Pin To Net: NetName=PF2 Pin=CN1-52
Added Net: Name=PF2
Added Pin To Net: NetName=PF3 Pin=CN2-58
Added Net: Name=PF3
Added Pin To Net: NetName=PF4 Pin=CN2-38
Added Net: Name=PF4
Added Pin To Net: NetName=PF5 Pin=CN2-36
Added Net: Name=PF5
Added Pin To Net: NetName=PF6 Pin=CN1-9
Added Net: Name=PF6
Added Pin To Net: NetName=PF7 Pin=CN1-11
Added Net: Name=PF7
Added Pin To Net: NetName=PF8 Pin=CN1-54
Added Net: Name=PF8
Added Pin To Net: NetName=PF9 Pin=CN1-56
Added Net: Name=PF9
Added Pin To Net: NetName=PF10 Pin=CN2-42
Added Net: Name=PF10
Added Pin To Net: NetName=PF11 Pin=CN2-62
Added Net: Name=PF11
Added Pin To Net: NetName=PF12 Pin=CN2-59
Added Net: Name=PF12
Added Pin To Net: NetName=PF13 Pin=CN2-57
Added Net: Name=PF13
Added Pin To Net: NetName=PF14 Pin=CN2-50
Added Net: Name=PF14
Added Pin To Net: NetName=PF15 Pin=CN2-60
Added Net: Name=PF15
Added Pin To Net: NetName=PG0 Pin=CN1-59
Added Net: Name=PG0
Added Pin To Net: NetName=PG1 Pin=CN1-58
Added Net: Name=PG1
Added Pin To Net: NetName=PG2 Pin=CN1-42
Added Net: Name=PG2
Added Pin To Net: NetName=PG3 Pin=CN1-44
Added Net: Name=PG3
Added Pin To Net: NetName=PG4 Pin=CN2-69
Added Net: Name=PG4
Added Pin To Net: NetName=PG5 Pin=CN2-68
Added Net: Name=PG5
Added Pin To Net: NetName=PG6 Pin=CN2-70
Added Net: Name=PG6
Added Pin To Net: NetName=PG7 Pin=CN2-67
Added Net: Name=PG7
Added Pin To Net: NetName=PG8 Pin=CN2-66
Added Net: Name=PG8
Added Pin To Net: NetName=PG9 Pin=CN1-63
Added Pin To Net: NetName=PG9 Pin=U16-8
Added Net: Name=PG9
Added Pin To Net: NetName=PG10 Pin=CN1-66
Added Net: Name=PG10
Added Pin To Net: NetName=PG11 Pin=CN1-70
Added Net: Name=PG11
Added Pin To Net: NetName=PG12 Pin=CN1-65
Added Net: Name=PG12
Added Pin To Net: NetName=PG13 Pin=CN1-68
Added Net: Name=PG13
Added Pin To Net: NetName=PG14 Pin=CN2-61
Added Net: Name=PG14
Added Pin To Net: NetName=PG15 Pin=CN1-64
Added Net: Name=PG15
Added Pin To Net: NetName=PH0 Pin=CN1-29
Added Net: Name=PH0
Added Pin To Net: NetName=PH1 Pin=CN1-31
Added Net: Name=PH1
Change Class Name : Old Net Name=U_Connectors New Net Name=Connectors
Change Class Name : Old Net Name=U_CT New Net Name=CT
Change Class Name : Old Net Name=U_Feedback New Net Name=Feedback
Change Class Name : Old Net Name=U_Power New Net Name=Power
Change Class Name : Old Net Name=U_zp_zh New Net Name=zp_zh
Change Room Name: Old Name=U_Connectors New Name=Power
Change Room Scope: Old Scope=InComponentClass('U_Connectors') New Scope=InComponentClass('Power')
