Removed Pin From Net: NetName=GND Pin=C8-1
Removed Pin From Net: NetName=GND Pin=C8-2
Removed Member From Class: ClassName=CT Member=C11
Removed Member From Class: ClassName=zp_zh Member=C11
Removed Member From Class: ClassName=CT Member=C14
Removed Member From Class: ClassName=zp_zh Member=C14
Removed Member From Class: ClassName=zp_zh Member=R17
Removed Member From Class: ClassName=CT Member=R21
Removed Member From Class: ClassName=Feedback Member=U16
Removed Member From Class: ClassName=Feedback Member=U19
Added Pin To Net: NetName=GND Pin=U4-4
Added Pin To Net: NetName=GND Pin=U11-9
Added Member To Class: ClassName=CT Member=Component C5 0.1uF
Added Member To Class: ClassName=CT Member=Component C6 0.1uF
Added Member To Class: ClassName=CT Member=Component C9 0.1uF
Added Member To Class: ClassName=CT Member=Component C10 0.1uF
Added Member To Class: ClassName=Feedback Member=Component C12 .1uF
Added Member To Class: ClassName=Feedback Member=Component C15 22uF
Added Member To Class: ClassName=Feedback Member=Component C16 .1uF
Added Member To Class: ClassName=Feedback Member=Component C19 CAP CER 1UF 25V X7R 0805
Added Member To Class: ClassName=zp_zh Member=Component C21 CAP CER 0.1UF 25V X7R 0805
Added Member To Class: ClassName=zp_zh Member=Component C22 0.1uF
Added Member To Class: ClassName=zp_zh Member=Component C23 0.1uF
Added Member To Class: ClassName=zp_zh Member=Component C25 CAP CER 0.1UF 25V X7R 0805
Added Member To Class: ClassName=CT Member=Component R5 100k
Added Member To Class: ClassName=CT Member=Component R9 301k
Added Member To Class: ClassName=CT Member=Component R10 100
Added Member To Class: ClassName=CT Member=Component R12 475k
Added Member To Class: ClassName=CT Member=Component R14 100k
Added Member To Class: ClassName=CT Member=Component R15 10k
Added Member To Class: ClassName=Feedback Member=Component R18 300k
Added Member To Class: ClassName=Feedback Member=Component R19 100k
Added Member To Class: ClassName=Feedback Member=Component R20 18.2k
Added Member To Class: ClassName=Feedback Member=Component R23 0
Added Member To Class: ClassName=Feedback Member=Component R24 100k
Added Member To Class: ClassName=Feedback Member=Component R25 DNP
Added Member To Class: ClassName=Feedback Member=Component R29 100
Added Member To Class: ClassName=Feedback Member=Component R30 7.5k
Added Member To Class: ClassName=Feedback Member=Component R31 100k
Added Member To Class: ClassName=Feedback Member=Component R35 1M
Added Member To Class: ClassName=Feedback Member=Component R37 DNP
Added Member To Class: ClassName=Feedback Member=Component R38 7.5k
Added Member To Class: ClassName=Feedback Member=Component R39 3.9k
Added Member To Class: ClassName=Feedback Member=Component R40 100
Added Member To Class: ClassName=Feedback Member=Component R41 0
Added Member To Class: ClassName=zp_zh Member=Component R45 10k
Added Member To Class: ClassName=CT Member=Component U2 LTC2057HV 60V
Added Member To Class: ClassName=Feedback Member=Component U7 MAX333CWP+
Added Member To Class: ClassName=Feedback Member=Component U8 OPA188AIDBVR
Added Member To Class: ClassName=Feedback Member=Component U11 AD5231BRUZ10
Added Member To Class: ClassName=Feedback Member=Component U12 OPA188AIDBVR
Added Member To Class: ClassName=Feedback Member=Component U13 OPA188AIDBVR
Added Member To Class: ClassName=Feedback Member=Component U14 OPA188AIDBVR
Added Member To Class: ClassName=zp_zh Member=Component U15 OPA188AIDBVR
