Removed Pin From Net: NetName=Top Force Plate Sense Pin=R1-2
Removed Pin From Net: NetName=Bottom Force Plate Sense Pin=R4-2
Removed Pin From Net: NetName=GND Pin=U1-3
Removed Pin From Net: NetName=GND Pin=U3-3
Removed Pin From Net: NetName=PG9 Pin=U16-8
Change Component Footprint: Designator=R1 Old Footprint=RESC0603(1608)_L New Footprint=RESC0402(1005)_M
Change Component Footprint: Designator=R2 Old Footprint=RESC0603(1608)_L New Footprint=RESC0402(1005)_M
Change Component Footprint: Designator=R4 Old Footprint=RESC0603(1608)_L New Footprint=RESC0402(1005)_M
Change Component Footprint: Designator=R6 Old Footprint=RESC0603(1608)_L New Footprint=RESC0402(1005)_M
Change Component Comment : Designator=R1 Old Comment=10K New Comment=10k 1% 0402(1005)
Change Component Comment : Designator=R4 Old Comment=10K New Comment=10k 1% 0402(1005)
Change Component Comment : Designator=R2 Old Comment=10K New Comment=100k 1% 0402(1005)
Change Component Comment : Designator=R6 Old Comment=10K New Comment=100k 1% 0402(1005)
Change component parameters: Designator = "R1"; Footprint = "RESC0402(1005)_M"; UniqueID = "\OUWECVDB\BBSTEHBN\KJTHATKL"
Change component parameters. Clean all parameters for all variants
Change component parameters (AddParameter): Name = "Case-EIA"; Value = "0402"; VariantName = "[No Variations]"
Change component parameters (AddParameter): Name = "Case-Metric"; Value = "1005"; VariantName = "[No Variations]"
Change component parameters (AddParameter): Name = "Power"; Value = "0.063 W"; VariantName = "[No Variations]"
Change component parameters (AddParameter): Name = "Technology"; Value = "SMT"; VariantName = "[No Variations]"
Change component parameters (AddParameter): Name = "Tolerance"; Value = "1 %"; VariantName = "[No Variations]"
Change component parameters (AddParameter): Name = "Value"; Value = "10k"; VariantName = "[No Variations]"
Change component parameters: Designator = "R4"; Footprint = "RESC0402(1005)_M"; UniqueID = "\OUWECVDB\BBSTEHBN\FPYUJAMR"
Change component parameters. Clean all parameters for all variants
Change component parameters (AddParameter): Name = "Case-EIA"; Value = "0402"; VariantName = "[No Variations]"
Change component parameters (AddParameter): Name = "Case-Metric"; Value = "1005"; VariantName = "[No Variations]"
Change component parameters (AddParameter): Name = "Power"; Value = "0.063 W"; VariantName = "[No Variations]"
Change component parameters (AddParameter): Name = "Technology"; Value = "SMT"; VariantName = "[No Variations]"
Change component parameters (AddParameter): Name = "Tolerance"; Value = "1 %"; VariantName = "[No Variations]"
Change component parameters (AddParameter): Name = "Value"; Value = "10k"; VariantName = "[No Variations]"
Change component parameters: Designator = "R2"; Footprint = "RESC0402(1005)_M"; UniqueID = "\OUWECVDB\BBSTEHBN\IMCNMCZF"
Change component parameters. Clean all parameters for all variants
Change component parameters (AddParameter): Name = "Case-EIA"; Value = "0402"; VariantName = "[No Variations]"
Change component parameters (AddParameter): Name = "Case-Metric"; Value = "1005"; VariantName = "[No Variations]"
Change component parameters (AddParameter): Name = "Power"; Value = "0.063 W"; VariantName = "[No Variations]"
Change component parameters (AddParameter): Name = "Technology"; Value = "SMT"; VariantName = "[No Variations]"
Change component parameters (AddParameter): Name = "Tolerance"; Value = "1 %"; VariantName = "[No Variations]"
Change component parameters (AddParameter): Name = "Value"; Value = "100k"; VariantName = "[No Variations]"
Change component parameters: Designator = "R6"; Footprint = "RESC0402(1005)_M"; UniqueID = "\OUWECVDB\BBSTEHBN\DEQVKXXZ"
Change component parameters. Clean all parameters for all variants
Change component parameters (AddParameter): Name = "Case-EIA"; Value = "0402"; VariantName = "[No Variations]"
Change component parameters (AddParameter): Name = "Case-Metric"; Value = "1005"; VariantName = "[No Variations]"
Change component parameters (AddParameter): Name = "Power"; Value = "0.063 W"; VariantName = "[No Variations]"
Change component parameters (AddParameter): Name = "Technology"; Value = "SMT"; VariantName = "[No Variations]"
Change component parameters (AddParameter): Name = "Tolerance"; Value = "1 %"; VariantName = "[No Variations]"
Change component parameters (AddParameter): Name = "Value"; Value = "100k"; VariantName = "[No Variations]"
Added Pin To Net: NetName=GND Pin=R1-1
Added Pin To Net: NetName=Top Force Plate Sense Pin=R2-2
Added Pin To Net: NetName=GND Pin=R4-1
Added Pin To Net: NetName=Bottom Force Plate Sense Pin=R6-2
Added Pin To Net: NetName=PG9 Pin=U16-8
Added Pin To Net: NetName=NetR1_2 Pin=R1-2
Added Pin To Net: NetName=NetR1_2 Pin=R2-1
Added Pin To Net: NetName=NetR1_2 Pin=U1-2
Added Net: Name=NetR1_2
Added Pin To Net: NetName=NetR4_2 Pin=R4-2
Added Pin To Net: NetName=NetR4_2 Pin=R6-1
Added Pin To Net: NetName=NetR4_2 Pin=U3-2
Added Net: Name=NetR4_2
Added Pin To Net: NetName=NetU1_3 Pin=U1-3
Added Pin To Net: NetName=NetU1_3 Pin=U2-18
Added Net: Name=NetU1_3
Added Pin To Net: NetName=NetU2_13 Pin=U2-13
Added Pin To Net: NetName=NetU2_13 Pin=U3-3
Added Net: Name=NetU2_13
