Removed Pin From Net: NetName=Top Force Plate Sense Pin=R1-1
Removed Pin From Net: NetName=Bottom Force Plate Sense Pin=R4-1
Removed Pin From Net: NetName=PG9 Pin=U16-8
Removed Member From Class: ClassName=U_Power Member=C13
Removed Member From Class: ClassName=U_Power Member=C14
Removed Member From Class: ClassName=U_CT Member=C15
Removed Member From Class: ClassName=U_Power Member=C15
Removed Member From Class: ClassName=U_Feedback Member=C20
Removed Member From Class: ClassName=U_Feedback Member=C21
Removed Member From Class: ClassName=U_Power Member=C21
Removed Member From Class: ClassName=U_CT Member=C25
Removed Member From Class: ClassName=U_Feedback Member=C26
Removed Member From Class: ClassName=U_CT Member=C28
Removed Member From Class: ClassName=U_Feedback Member=C32
Removed Member From Class: ClassName=U_zp_zh Member=C32
Removed Member From Class: ClassName=U_Feedback Member=C34
Removed Member From Class: ClassName=U_zp_zh Member=C34
Removed Member From Class: ClassName=U_Feedback Member=C35
Removed Member From Class: ClassName=U_Feedback Member=R4
Removed Member From Class: ClassName=U_Feedback Member=R6
Removed Member From Class: ClassName=U_CT Member=R26
Removed Member From Class: ClassName=U_CT Member=R37
Removed Member From Class: ClassName=U_CT Member=R42
Removed Member From Class: ClassName=U_CT Member=R44
Removed Member From Class: ClassName=U_Feedback Member=R46
Removed Member From Class: ClassName=U_CT Member=U9
Removed Member From Class: ClassName=U_Feedback Member=U14
Removed Member From Class: ClassName=U_Power Member=U14
Removed Member From Class: ClassName=U_CT Member=U15
Removed Member From Class: ClassName=U_zp_zh Member=U20
Change Component Footprint: Designator=R1 Old Footprint=RESC0805(2012)_L New Footprint=RESC0603(1608)_L
Change Component Footprint: Designator=R2 Old Footprint=RESC0805(2012)_L New Footprint=RESC0603(1608)_L
Change Component Footprint: Designator=R3 Old Footprint=RESC0805(2012)_L New Footprint=RESC0603(1608)_L
Change Component Footprint: Designator=R4 Old Footprint=RESC0805(2012)_L New Footprint=RESC0603(1608)_L
Change Component Footprint: Designator=R6 Old Footprint=RESC0805(2012)_L New Footprint=RESC0603(1608)_L
Change Component Footprint: Designator=R7 Old Footprint=RESC0805(2012)_L New Footprint=RESC0603(1608)_L
Change component parameters: Designator = "R3"; Footprint = "RESC0603(1608)_L"; UniqueID = "\OUWECVDB\BBSTEHBN\YKNPDBFY"
Change component parameters. Clean all parameters for all variants
Change component parameters (AddParameter): Name = "Case-EIA"; Value = "0603"; VariantName = "[No Variations]"
Change component parameters (AddParameter): Name = "Case-Metric"; Value = "1608"; VariantName = "[No Variations]"
Change component parameters (AddParameter): Name = "Power"; Value = "0.1 W"; VariantName = "[No Variations]"
Change component parameters (AddParameter): Name = "Technology"; Value = "SMT"; VariantName = "[No Variations]"
Change component parameters (AddParameter): Name = "Tolerance"; Value = "1 %"; VariantName = "[No Variations]"
Change component parameters (AddParameter): Name = "Value"; Value = "100"; VariantName = "[No Variations]"
Change component parameters: Designator = "R7"; Footprint = "RESC0603(1608)_L"; UniqueID = "\OUWECVDB\BBSTEHBN\MDDLEBTN"
Change component parameters. Clean all parameters for all variants
Change component parameters (AddParameter): Name = "Case-EIA"; Value = "0603"; VariantName = "[No Variations]"
Change component parameters (AddParameter): Name = "Case-Metric"; Value = "1608"; VariantName = "[No Variations]"
Change component parameters (AddParameter): Name = "Power"; Value = "0.1 W"; VariantName = "[No Variations]"
Change component parameters (AddParameter): Name = "Technology"; Value = "SMT"; VariantName = "[No Variations]"
Change component parameters (AddParameter): Name = "Tolerance"; Value = "1 %"; VariantName = "[No Variations]"
Change component parameters (AddParameter): Name = "Value"; Value = "100"; VariantName = "[No Variations]"
Change component parameters: Designator = "R1"; Footprint = "RESC0603(1608)_L"; UniqueID = "\OUWECVDB\BBSTEHBN\TUIMMLJL"
Change component parameters. Clean all parameters for all variants
Change component parameters (AddParameter): Name = "Case-EIA"; Value = "0603"; VariantName = "[No Variations]"
Change component parameters (AddParameter): Name = "Case-Metric"; Value = "1608"; VariantName = "[No Variations]"
Change component parameters (AddParameter): Name = "Power"; Value = "0.1 W"; VariantName = "[No Variations]"
Change component parameters (AddParameter): Name = "Technology"; Value = "SMT"; VariantName = "[No Variations]"
Change component parameters (AddParameter): Name = "Tolerance"; Value = "1 %"; VariantName = "[No Variations]"
Change component parameters (AddParameter): Name = "Value"; Value = "10k"; VariantName = "[No Variations]"
Change component parameters: Designator = "R2"; Footprint = "RESC0603(1608)_L"; UniqueID = "\OUWECVDB\BBSTEHBN\UXXEDRJY"
Change component parameters. Clean all parameters for all variants
Change component parameters (AddParameter): Name = "Case-EIA"; Value = "0603"; VariantName = "[No Variations]"
Change component parameters (AddParameter): Name = "Case-Metric"; Value = "1608"; VariantName = "[No Variations]"
Change component parameters (AddParameter): Name = "Power"; Value = "0.1 W"; VariantName = "[No Variations]"
Change component parameters (AddParameter): Name = "Technology"; Value = "SMT"; VariantName = "[No Variations]"
Change component parameters (AddParameter): Name = "Tolerance"; Value = "1 %"; VariantName = "[No Variations]"
Change component parameters (AddParameter): Name = "Value"; Value = "10k"; VariantName = "[No Variations]"
Change component parameters: Designator = "R4"; Footprint = "RESC0603(1608)_L"; UniqueID = "\OUWECVDB\BBSTEHBN\XLGKGXXA"
Change component parameters. Clean all parameters for all variants
Change component parameters (AddParameter): Name = "Case-EIA"; Value = "0603"; VariantName = "[No Variations]"
Change component parameters (AddParameter): Name = "Case-Metric"; Value = "1608"; VariantName = "[No Variations]"
Change component parameters (AddParameter): Name = "Power"; Value = "0.1 W"; VariantName = "[No Variations]"
Change component parameters (AddParameter): Name = "Technology"; Value = "SMT"; VariantName = "[No Variations]"
Change component parameters (AddParameter): Name = "Tolerance"; Value = "1 %"; VariantName = "[No Variations]"
Change component parameters (AddParameter): Name = "Value"; Value = "10k"; VariantName = "[No Variations]"
Change component parameters: Designator = "R6"; Footprint = "RESC0603(1608)_L"; UniqueID = "\OUWECVDB\BBSTEHBN\LFEMRGDO"
Change component parameters. Clean all parameters for all variants
Change component parameters (AddParameter): Name = "Case-EIA"; Value = "0603"; VariantName = "[No Variations]"
Change component parameters (AddParameter): Name = "Case-Metric"; Value = "1608"; VariantName = "[No Variations]"
Change component parameters (AddParameter): Name = "Power"; Value = "0.1 W"; VariantName = "[No Variations]"
Change component parameters (AddParameter): Name = "Technology"; Value = "SMT"; VariantName = "[No Variations]"
Change component parameters (AddParameter): Name = "Tolerance"; Value = "1 %"; VariantName = "[No Variations]"
Change component parameters (AddParameter): Name = "Value"; Value = "10k"; VariantName = "[No Variations]"
Added Pin To Net: NetName=Top Force Plate Sense Pin=R1-2
Added Pin To Net: NetName=Bottom Force Plate Sense Pin=R4-2
Added Pin To Net: NetName=PG9 Pin=U16-8
Added Pin To Net: NetName=NetR1_1 Pin=R1-1
Added Pin To Net: NetName=NetR1_1 Pin=R2-2
Added Pin To Net: NetName=NetR1_1 Pin=U1-2
Added Net: Name=NetR1_1
Added Pin To Net: NetName=NetR2_1 Pin=R2-1
Added Pin To Net: NetName=NetR2_1 Pin=U2-18
Added Net: Name=NetR2_1
Added Pin To Net: NetName=NetR4_1 Pin=R4-1
Added Pin To Net: NetName=NetR4_1 Pin=R6-2
Added Pin To Net: NetName=NetR4_1 Pin=U3-2
Added Net: Name=NetR4_1
Added Pin To Net: NetName=NetR6_1 Pin=R6-1
Added Pin To Net: NetName=NetR6_1 Pin=U2-13
Added Net: Name=NetR6_1
Added Member To Class: ClassName=U_CT Member=Component C2 .1uF
Added Member To Class: ClassName=U_CT Member=Component C4 0.1uF
Added Member To Class: ClassName=U_CT Member=Component C7 0.1uF
Added Member To Class: ClassName=U_Feedback Member=Component C9 470nF
Added Member To Class: ClassName=U_Feedback Member=Component C10 .1uF
Added Member To Class: ClassName=U_Feedback Member=Component C11 22uF
Added Member To Class: ClassName=U_Feedback Member=Component C12 .1uF
Added Member To Class: ClassName=U_Feedback Member=Component C16 CAP CER 1UF 25V X7R 0805
Added Member To Class: ClassName=U_Feedback Member=Component C17 CAP CER 1UF 25V X7R 0805
Added Member To Class: ClassName=U_zp_zh Member=Component C23 CAP 0.47uF 10V 0402(1005)
Added Member To Class: ClassName=U_zp_zh Member=Component C24 CAP 22nF 10V 0603(1608)
Added Member To Class: ClassName=U_Power Member=Component C29 CAP CER 1UF 50V X7R 1210
Added Member To Class: ClassName=U_Power Member=Component C30 1uF
Added Member To Class: ClassName=U_Power Member=Component C31 CAP CER 1UF 50V X7R 1210
Added Member To Class: ClassName=U_Power Member=Component C36 CAP CER 1UF 10V X5R 0805
Added Member To Class: ClassName=U_CT Member=Component R1 10k
Added Member To Class: ClassName=U_CT Member=Component R3 100
Added Member To Class: ClassName=U_CT Member=Component R10 
Added Member To Class: ClassName=U_CT Member=Component R13 
Added Member To Class: ClassName=U_Feedback Member=Component R15 300k
Added Member To Class: ClassName=U_Feedback Member=Component R18 511k
Added Member To Class: ClassName=U_Feedback Member=Component R19 100k
Added Member To Class: ClassName=U_Feedback Member=Component R23 33k
Added Member To Class: ClassName=U_Feedback Member=Component R31 TRIMMER 5K OHM 0.25W PC PIN
Added Member To Class: ClassName=U_Feedback Member=Component R32 1M
Added Member To Class: ClassName=U_Feedback Member=Component R34 DNP
Added Member To Class: ClassName=U_Feedback Member=Component R39 100k
Added Member To Class: ClassName=U_Feedback Member=Component R40 1M
Added Member To Class: ClassName=U_CT Member=Component U2 MAX333CWP+
Added Member To Class: ClassName=U_CT Member=Component U4 LMC662CM
Added Member To Class: ClassName=U_Feedback Member=Component U5 MAX333CWP+
Added Member To Class: ClassName=U_Feedback Member=Component U7 OPA188AIDBVR
Added Member To Class: ClassName=U_Feedback Member=Component U10 OPA188AIDBVR
Added Member To Class: ClassName=U_Feedback Member=Component U11 OPA188AIDBVR
Added Member To Class: ClassName=U_Feedback Member=Component U12 OPA188AIDBVR
Added Member To Class: ClassName=U_zp_zh Member=Component U13 LT8570
Added Member To Class: ClassName=U_zp_zh Member=Component U16 AD5666BRUZ-2
Added Member To Class: ClassName=U_Power Member=Component U19 LT1763CS8-5#PBF
