Removed Member From Class: ClassName=ADC Member=C19
Removed Member From Class: ClassName=ADC Member=C24
Removed Member From Class: ClassName=Feedback Member=C29
Removed Member From Class: ClassName=zp_zh Member=C31
Removed Member From Class: ClassName=zp_zh Member=C32
Removed Member From Class: ClassName=zp_zh Member=C34
Change Component Footprint: Designator=C11 Old Footprint=CAPC0805(2012)75_M New Footprint=CAPC0402(1005)60_L
Change Component Comment : Designator=C11 Old Comment=.1uF New Comment=0.1uF
Change component parameters: Designator = "C11"; Footprint = "CAPC0402(1005)60_L"; UniqueID = "\NLQLVAXW"
Change component parameters. Clean all parameters for all variants
Change component parameters (AddParameter): Name = "Applications"; Value = "General Purpose"; VariantName = "[No Variations]"
Change component parameters (AddParameter): Name = "Category"; Value = "Capacitors"; VariantName = "[No Variations]"
Change component parameters (AddParameter): Name = "ComponentLink1Description"; Value = "http://www.murata.com/~/media/webrenewal/support/library/catalog/products/capacitor/mlcc/c02e.ashx?la=en-us"; VariantName = "[No Variations]"
Change component parameters (AddParameter): Name = "ComponentLink1URL"; Value = "http://www.murata.com/~/media/webrenewal/support/library/catalog/products/capacitor/mlcc/c02e.ashx?la=en-us"; VariantName = "[No Variations]"
Change component parameters (AddParameter): Name = "Features"; Value = "-"; VariantName = "[No Variations]"
Change component parameters (AddParameter): Name = "Height - Seated (Max)"; Value = "-"; VariantName = "[No Variations]"
Change component parameters (AddParameter): Name = "Lead Spacing"; Value = "-"; VariantName = "[No Variations]"
Change component parameters (AddParameter): Name = "Manufacturer"; Value = "Murata Electronics North America"; VariantName = "[No Variations]"
Change component parameters (AddParameter): Name = "Manufacturer Part Number"; Value = "GRM155R71A104KA01D"; VariantName = "[No Variations]"
Change component parameters (AddParameter): Name = "Mounting Type"; Value = "Surface Mount, MLCC"; VariantName = "[No Variations]"
Change component parameters (AddParameter): Name = "Operating Temperature"; Value = "-55°C ~ 125°C"; VariantName = "[No Variations]"
Change component parameters (AddParameter): Name = "Package / Case"; Value = "0402 (1005 Metric)"; VariantName = "[No Variations]"
Change component parameters (AddParameter): Name = "Packaging"; Value = "Cut Tape (CT)"; VariantName = "[No Variations]"
Change component parameters (AddParameter): Name = "Part Status"; Value = "Active"; VariantName = "[No Variations]"
Change component parameters (AddParameter): Name = "Pricing 1"; Value = "1=0.1, 10=0.014, 100=0.0063, 500=0.00446, 1000=0.00351, 2500=0.00319, 5000=0.00293 (USD)"; VariantName = "[No Variations]"
Change component parameters (AddParameter): Name = "Ratings"; Value = "-"; VariantName = "[No Variations]"
Change component parameters (AddParameter): Name = "RoHS"; Value = "RoHS Compliant"; VariantName = "[No Variations]"
Change component parameters (AddParameter): Name = "Size / Dimension"; Value = "0.039" L x 0.020" W (1.00mm x 0.50mm)"; VariantName = "[No Variations]"
Change component parameters (AddParameter): Name = "Stock 1"; Value = "2920395"; VariantName = "[No Variations]"
Change component parameters (AddParameter): Name = "Supplier 1"; Value = "Digi-Key"; VariantName = "[No Variations]"
Change component parameters (AddParameter): Name = "Supplier Part Number 1"; Value = "490-6321-1-ND"; VariantName = "[No Variations]"
Change component parameters (AddParameter): Name = "Temperature Coefficient"; Value = "X7R"; VariantName = "[No Variations]"
Change component parameters (AddParameter): Name = "Thickness (Max)"; Value = "0.022" (0.55mm)"; VariantName = "[No Variations]"
Change component parameters (AddParameter): Name = "Tolerance"; Value = "±10%"; VariantName = "[No Variations]"
Change component parameters (AddParameter): Name = "Voltage - Rated"; Value = "10V"; VariantName = "[No Variations]"
Added Pin To Net: NetName=GND Pin=U4-4
Added Pin To Net: NetName=GND Pin=U11-9
Added Member To Class: ClassName=Feedback Member=Component C12 0.1uF
Added Member To Class: ClassName=Feedback Member=Component C14 22uF
Added Member To Class: ClassName=Feedback Member=Component C18 0.1uF
Added Member To Class: ClassName=Feedback Member=Component C19 0.1uF
Added Member To Class: ClassName=Feedback Member=Component C22 1uF
Added Member To Class: ClassName=zp_zh Member=Component C24 0.1uF
Added Member To Class: ClassName=zp_zh Member=Component C25 CAP CER 0.1UF 25V X7R 0805
Added Member To Class: ClassName=zp_zh Member=Component C26 0.1uF
Added Member To Class: ClassName=zp_zh Member=Component C27 0.1uF
Added Member To Class: ClassName=zp_zh Member=Component C28 0.1uF
Added Member To Class: ClassName=zp_zh Member=Component C30 CAP CER 0.1UF 25V X7R 0805
Added Member To Class: ClassName=ADC Member=Component C33 0.1uF
Added Member To Class: ClassName=ADC Member=Component C35 0.1uF
Added Member To Class: ClassName=zp_zh Member=Component U16 OPA188AIDBVR
Added Member To Class: ClassName=zp_zh Member=Component U19 AD5666BRUZ-2
