Removed Pin From Net: NetName=GND Pin=C19-1
Removed Pin From Net: NetName=+12 Pin=C19-2
Removed Pin From Net: NetName=GND Pin=C20-1
Removed Pin From Net: NetName=ZSupply Pin=C20-2
Removed Pin From Net: NetName=GND Pin=C21-1
Removed Pin From Net: NetName=GND Pin=C22-1
Removed Pin From Net: NetName=GND Pin=C23-1
Removed Pin From Net: NetName=+12 Pin=C27-1
Removed Pin From Net: NetName=GND Pin=C27-2
Removed Pin From Net: NetName=GND Pin=C28-2
Removed Pin From Net: NetName=GND Pin=C29-1
Removed Pin From Net: NetName=+5 Pin=C29-2
Removed Pin From Net: NetName=GND Pin=C30-1
Removed Pin From Net: NetName=+12 Pin=C30-2
Removed Pin From Net: NetName=+5 Pin=C31-1
Removed Pin From Net: NetName=GND Pin=C32-1
Removed Pin From Net: NetName=+12 Pin=C32-2
Removed Pin From Net: NetName=GND Pin=C33-1
Removed Pin From Net: NetName=+3.3 Pin=C33-2
Removed Pin From Net: NetName=+3.3 Pin=C34-1
Removed Pin From Net: NetName=GND Pin=C35-1
Removed Pin From Net: NetName=-5 Pin=C35-2
Removed Pin From Net: NetName=PD6 Pin=CN1-43
Removed Pin From Net: NetName=PD7 Pin=CN1-45
Removed Pin From Net: NetName=PE3 Pin=CN1-47
Removed Pin From Net: NetName=GND Pin=CN1-49
Removed Pin From Net: NetName=GND Pin=CN1-60
Removed Pin From Net: NetName=PG9 Pin=CN1-63
Removed Pin From Net: NetName=PG12 Pin=CN1-65
Removed Pin From Net: NetName=PD9 Pin=CN1-69
Removed Pin From Net: NetName=GND Pin=CN2-39
Removed Pin From Net: NetName=PWM65KHz Pin=CN2-52
Removed Pin From Net: NetName=GND Pin=CN2-54
Removed Pin From Net: NetName=PWM65KHz_180 Pin=CN2-56
Removed Pin From Net: NetName=PF11 Pin=CN2-62
Removed Pin From Net: NetName=GND Pin=CN2-63
Removed Pin From Net: NetName=ZSupply Pin=D1-2
Removed Pin From Net: NetName=Guard Pin=J1-9
Removed Pin From Net: NetName=GND Pin=J2-1
Removed Pin From Net: NetName=+12 Pin=J2-2
Removed Pin From Net: NetName=+12 Pin=L1-1
Removed Pin From Net: NetName=+12 Pin=R42-1
Removed Pin From Net: NetName=ZSupply Pin=R43-2
Removed Pin From Net: NetName=GND Pin=R45-2
Removed Pin From Net: NetName=+12 Pin=U13-3
Removed Pin From Net: NetName=GND Pin=U13-8
Removed Pin From Net: NetName=GND Pin=U13-9
Removed Pin From Net: NetName=+12 Pin=U18-2
Removed Pin From Net: NetName=GND Pin=U18-4
Removed Pin From Net: NetName=+5 Pin=U19-1
Removed Pin From Net: NetName=+5 Pin=U19-2
Removed Pin From Net: NetName=GND Pin=U19-3
Removed Pin From Net: NetName=+12 Pin=U19-5
Removed Pin From Net: NetName=GND Pin=U19-6
Removed Pin From Net: NetName=GND Pin=U19-7
Removed Pin From Net: NetName=+12 Pin=U19-8
Removed Pin From Net: NetName=+3.3 Pin=U20-1
Removed Pin From Net: NetName=+3.3 Pin=U20-2
Removed Pin From Net: NetName=GND Pin=U20-3
Removed Pin From Net: NetName=+12 Pin=U20-5
Removed Pin From Net: NetName=GND Pin=U20-6
Removed Pin From Net: NetName=GND Pin=U20-7
Removed Pin From Net: NetName=+12 Pin=U20-8
Removed Pin From Net: NetName=+5 Pin=U21-1
Removed Pin From Net: NetName=-5 Pin=U21-2
Removed Pin From Net: NetName=GND Pin=U21-5
Removed Pin From Net: NetName=+5 Pin=U21-6
Removed Member From Class: ClassName=zp_zh Member=C19
Removed Member From Class: ClassName=zp_zh Member=C20
Removed Member From Class: ClassName=zp_zh Member=C21
Removed Member From Class: ClassName=zp_zh Member=C22
Removed Member From Class: ClassName=zp_zh Member=C23
Removed Member From Class: ClassName=zp_zh Member=C27
Removed Member From Class: ClassName=zp_zh Member=C28
Removed Member From Class: ClassName=zp_zh Member=D1
Removed Member From Class: ClassName=zp_zh Member=L1
Removed Member From Class: ClassName=zp_zh Member=R42
Removed Member From Class: ClassName=zp_zh Member=R43
Removed Member From Class: ClassName=zp_zh Member=R44
Removed Member From Class: ClassName=zp_zh Member=R45
Removed Member From Class: ClassName=zp_zh Member=U13
Removed Member From Class: ClassName=zp_zh Member=U18
Change Component Footprint: Designator=CN1 Old Footprint=CON_SAMTEC_TSW-135-07-X-D New Footprint=SSW-140-23-G-D
Change Component Footprint: Designator=CN2 Old Footprint=CON_SAMTEC_TSW-135-07-X-D New Footprint=SSW-140-23-G-D
Change Component Comment : Designator=CN1 Old Comment=Header 35x2 New Comment=SSW-140-23-G-D
Change Component Comment : Designator=CN2 Old Comment=Header 35x2 New Comment=SSW-140-23-G-D
Change component parameters: Designator = "CN1"; Footprint = "SSW-140-23-G-D"; UniqueID = "\ANDKIHXO"
Change component parameters. Clean all parameters for all variants
Change component parameters: Designator = "CN2"; Footprint = "SSW-140-23-G-D"; UniqueID = "\DBIJRPGS"
Change component parameters. Clean all parameters for all variants
Added Component: Designator=C?(CAPC0402(1005)60_L)
Add component. Clean all parameters for all variants
Add component (AddParameter): Name = "Applications"; Value = "General Purpose"; VariantName = "[No Variations]"
Add component (AddParameter): Name = "Category"; Value = "Capacitors"; VariantName = "[No Variations]"
Add component (AddParameter): Name = "ComponentLink1Description"; Value = "http://www.murata.com/~/media/webrenewal/support/library/catalog/products/capacitor/mlcc/c02e.ashx?la=en-us"; VariantName = "[No Variations]"
Add component (AddParameter): Name = "ComponentLink1URL"; Value = "http://www.murata.com/~/media/webrenewal/support/library/catalog/products/capacitor/mlcc/c02e.ashx?la=en-us"; VariantName = "[No Variations]"
Add component (AddParameter): Name = "Features"; Value = "-"; VariantName = "[No Variations]"
Add component (AddParameter): Name = "Height - Seated (Max)"; Value = "-"; VariantName = "[No Variations]"
Add component (AddParameter): Name = "Lead Spacing"; Value = "-"; VariantName = "[No Variations]"
Add component (AddParameter): Name = "Manufacturer"; Value = "Murata Electronics North America"; VariantName = "[No Variations]"
Add component (AddParameter): Name = "Manufacturer Part Number"; Value = "GRM155R71A104KA01D"; VariantName = "[No Variations]"
Add component (AddParameter): Name = "Mounting Type"; Value = "Surface Mount, MLCC"; VariantName = "[No Variations]"
Add component (AddParameter): Name = "Operating Temperature"; Value = "-55°C ~ 125°C"; VariantName = "[No Variations]"
Add component (AddParameter): Name = "Package / Case"; Value = "0402 (1005 Metric)"; VariantName = "[No Variations]"
Add component (AddParameter): Name = "Packaging"; Value = "Cut Tape (CT)"; VariantName = "[No Variations]"
Add component (AddParameter): Name = "Part Status"; Value = "Active"; VariantName = "[No Variations]"
Add component (AddParameter): Name = "Pricing 1"; Value = "1=0.1, 10=0.014, 100=0.0063, 500=0.00446, 1000=0.00351, 2500=0.00319, 5000=0.00293 (USD)"; VariantName = "[No Variations]"
Add component (AddParameter): Name = "Ratings"; Value = "-"; VariantName = "[No Variations]"
Add component (AddParameter): Name = "RoHS"; Value = "RoHS Compliant"; VariantName = "[No Variations]"
Add component (AddParameter): Name = "Size / Dimension"; Value = "0.039" L x 0.020" W (1.00mm x 0.50mm)"; VariantName = "[No Variations]"
Add component (AddParameter): Name = "Stock 1"; Value = "2920395"; VariantName = "[No Variations]"
Add component (AddParameter): Name = "Supplier 1"; Value = "Digi-Key"; VariantName = "[No Variations]"
Add component (AddParameter): Name = "Supplier Part Number 1"; Value = "490-6321-1-ND"; VariantName = "[No Variations]"
Add component (AddParameter): Name = "Temperature Coefficient"; Value = "X7R"; VariantName = "[No Variations]"
Add component (AddParameter): Name = "Thickness (Max)"; Value = "0.022" (0.55mm)"; VariantName = "[No Variations]"
Add component (AddParameter): Name = "Tolerance"; Value = "±10%"; VariantName = "[No Variations]"
Add component (AddParameter): Name = "Voltage - Rated"; Value = "10V"; VariantName = "[No Variations]"
Added Component: Designator=C?(CAPC0402(1005)60_L)
Add component. Clean all parameters for all variants
Add component (AddParameter): Name = "Applications"; Value = "General Purpose"; VariantName = "[No Variations]"
Add component (AddParameter): Name = "Category"; Value = "Capacitors"; VariantName = "[No Variations]"
Add component (AddParameter): Name = "ComponentLink1Description"; Value = "http://www.murata.com/~/media/webrenewal/support/library/catalog/products/capacitor/mlcc/c02e.ashx?la=en-us"; VariantName = "[No Variations]"
Add component (AddParameter): Name = "ComponentLink1URL"; Value = "http://www.murata.com/~/media/webrenewal/support/library/catalog/products/capacitor/mlcc/c02e.ashx?la=en-us"; VariantName = "[No Variations]"
Add component (AddParameter): Name = "Features"; Value = "-"; VariantName = "[No Variations]"
Add component (AddParameter): Name = "Height - Seated (Max)"; Value = "-"; VariantName = "[No Variations]"
Add component (AddParameter): Name = "Lead Spacing"; Value = "-"; VariantName = "[No Variations]"
Add component (AddParameter): Name = "Manufacturer"; Value = "Murata Electronics North America"; VariantName = "[No Variations]"
Add component (AddParameter): Name = "Manufacturer Part Number"; Value = "GRM155R71A104KA01D"; VariantName = "[No Variations]"
Add component (AddParameter): Name = "Mounting Type"; Value = "Surface Mount, MLCC"; VariantName = "[No Variations]"
Add component (AddParameter): Name = "Operating Temperature"; Value = "-55°C ~ 125°C"; VariantName = "[No Variations]"
Add component (AddParameter): Name = "Package / Case"; Value = "0402 (1005 Metric)"; VariantName = "[No Variations]"
Add component (AddParameter): Name = "Packaging"; Value = "Cut Tape (CT)"; VariantName = "[No Variations]"
Add component (AddParameter): Name = "Part Status"; Value = "Active"; VariantName = "[No Variations]"
Add component (AddParameter): Name = "Pricing 1"; Value = "1=0.1, 10=0.014, 100=0.0063, 500=0.00446, 1000=0.00351, 2500=0.00319, 5000=0.00293 (USD)"; VariantName = "[No Variations]"
Add component (AddParameter): Name = "Ratings"; Value = "-"; VariantName = "[No Variations]"
Add component (AddParameter): Name = "RoHS"; Value = "RoHS Compliant"; VariantName = "[No Variations]"
Add component (AddParameter): Name = "Size / Dimension"; Value = "0.039" L x 0.020" W (1.00mm x 0.50mm)"; VariantName = "[No Variations]"
Add component (AddParameter): Name = "Stock 1"; Value = "2920395"; VariantName = "[No Variations]"
Add component (AddParameter): Name = "Supplier 1"; Value = "Digi-Key"; VariantName = "[No Variations]"
Add component (AddParameter): Name = "Supplier Part Number 1"; Value = "490-6321-1-ND"; VariantName = "[No Variations]"
Add component (AddParameter): Name = "Temperature Coefficient"; Value = "X7R"; VariantName = "[No Variations]"
Add component (AddParameter): Name = "Thickness (Max)"; Value = "0.022" (0.55mm)"; VariantName = "[No Variations]"
Add component (AddParameter): Name = "Tolerance"; Value = "±10%"; VariantName = "[No Variations]"
Add component (AddParameter): Name = "Voltage - Rated"; Value = "10V"; VariantName = "[No Variations]"
Added Component: Designator=U?(SOT95P280X445-6N)
Add component. Clean all parameters for all variants
Add component (AddParameter): Name = "Category"; Value = "Integrated Circuits (ICs)"; VariantName = "[No Variations]"
Add component (AddParameter): Name = "ComponentLink1Description"; Value = "https://datasheets.maximintegrated.com/en/ds/MAX6070-MAX6071.pdf"; VariantName = "[No Variations]"
Add component (AddParameter): Name = "ComponentLink1URL"; Value = "https://datasheets.maximintegrated.com/en/ds/MAX6070-MAX6071.pdf"; VariantName = "[No Variations]"
Add component (AddParameter): Name = "Current - Supply"; Value = "350µA"; VariantName = "[No Variations]"
Add component (AddParameter): Name = "Manufacturer"; Value = "Maxim Integrated"; VariantName = "[No Variations]"
Add component (AddParameter): Name = "Manufacturer Part Number"; Value = "MAX6070AAUT41+T"; VariantName = "[No Variations]"
Add component (AddParameter): Name = "Mounting Type"; Value = "Surface Mount"; VariantName = "[No Variations]"
Add component (AddParameter): Name = "Noise - 0.1Hz to 10Hz"; Value = "9.6µVp-p"; VariantName = "[No Variations]"
Add component (AddParameter): Name = "Noise - 10Hz to 10kHz"; Value = "9µVrms"; VariantName = "[No Variations]"
Add component (AddParameter): Name = "Operating Temperature"; Value = "-40°C ~ 125°C (TA)"; VariantName = "[No Variations]"
Add component (AddParameter): Name = "Output Type"; Value = "Fixed"; VariantName = "[No Variations]"
Add component (AddParameter): Name = "Package / Case"; Value = "SOT-23-6"; VariantName = "[No Variations]"
Add component (AddParameter): Name = "Packaging"; Value = "Cut Tape (CT)"; VariantName = "[No Variations]"
Add component (AddParameter): Name = "Part Status"; Value = "Active"; VariantName = "[No Variations]"
Add component (AddParameter): Name = "Pricing 1"; Value = "1=3.41, 10=3.213, 25=2.5704, 50=2.4418, 100=2.2491, 250=2.13344, 500=2.05634 (USD)"; VariantName = "[No Variations]"
Add component (AddParameter): Name = "Reference Type"; Value = "Series"; VariantName = "[No Variations]"
Add component (AddParameter): Name = "RoHS"; Value = "RoHS Compliant"; VariantName = "[No Variations]"
Add component (AddParameter): Name = "Stock 1"; Value = "2623"; VariantName = "[No Variations]"
Add component (AddParameter): Name = "Supplier 1"; Value = "Digi-Key"; VariantName = "[No Variations]"
Add component (AddParameter): Name = "Supplier Device Package"; Value = "SOT-23-6"; VariantName = "[No Variations]"
Add component (AddParameter): Name = "Supplier Part Number 1"; Value = "MAX6070AAUT41+TCT-ND"; VariantName = "[No Variations]"
Add component (AddParameter): Name = "Temperature Coefficient"; Value = "6ppm/°C"; VariantName = "[No Variations]"
Add component (AddParameter): Name = "Tolerance"; Value = "±0.04%"; VariantName = "[No Variations]"
Add component (AddParameter): Name = "Voltage - Input"; Value = "4.3 V ~ 5.5 V"; VariantName = "[No Variations]"
Add component (AddParameter): Name = "Voltage - Output (Min/Fixed)"; Value = "4.096V"; VariantName = "[No Variations]"
Added Pin To Net: NetName=GND Pin=C?-1
Added Pin To Net: NetName=GND Pin=C?-2
Added Pin To Net: NetName=PD6 Pin=CN1-45
Added Pin To Net: NetName=PD7 Pin=CN1-47
Added Pin To Net: NetName=PE3 Pin=CN1-49
Added Pin To Net: NetName=GND Pin=CN1-51
Added Pin To Net: NetName=GND Pin=CN1-62
Added Pin To Net: NetName=PG9 Pin=CN1-65
Added Pin To Net: NetName=PG12 Pin=CN1-67
Added Pin To Net: NetName=PD9 Pin=CN1-71
Added Pin To Net: NetName=GND Pin=CN2-41
Added Pin To Net: NetName=PWM65KHz Pin=CN2-54
Added Pin To Net: NetName=GND Pin=CN2-56
Added Pin To Net: NetName=PWM65KHz_180 Pin=CN2-58
Added Pin To Net: NetName=PF11 Pin=CN2-64
Added Pin To Net: NetName=GND Pin=CN2-65
Added Pin To Net: NetName=Guard Pin=J1-12
Added Pin To Net: NetName=Guard Pin=J1-13
Added Pin To Net: NetName=Guard Pin=J1-14
Added Pin To Net: NetName=GND Pin=U?-2
Added Pin To Net: NetName=+5 Pin=U?-3
Added Pin To Net: NetName=+5 Pin=U?-4
Change Net Name : Old Net Name=PD0 New Net Name=PD1
Change Net Name : Old Net Name=PD1 New Net Name=PF0
Change Net Name : Old Net Name=PD5 New Net Name=PD4
Change Net Name : Old Net Name=PD11 New Net Name=PD12
Change Net Name : Old Net Name=PD12 New Net Name=PD13
Change Net Name : Old Net Name=PD14 New Net Name=PE7
Change Net Name : Old Net Name=PD15 New Net Name=PD14
Change Net Name : Old Net Name=PE1 New Net Name=PG0
Change Net Name : Old Net Name=PE2 New Net Name=PG3
Change Net Name : Old Net Name=PE4 New Net Name=PE2
Change Net Name : Old Net Name=PE5 New Net Name=PE4
Change Net Name : Old Net Name=PE7 New Net Name=PF10
Change Net Name : Old Net Name=PE10 New Net Name=PD11
Change Net Name : Old Net Name=PE12 New Net Name=PE10
Change Net Name : Old Net Name=PE13 New Net Name=PE15
Change Net Name : Old Net Name=PE14 New Net Name=PE12
Change Net Name : Old Net Name=PE15 New Net Name=PE14
Change Net Name : Old Net Name=PF0 New Net Name=PF1
Change Net Name : Old Net Name=PF2 New Net Name=PE5
Change Net Name : Old Net Name=PF8 New Net Name=PF2
Change Net Name : Old Net Name=PF9 New Net Name=PF8
Change Net Name : Old Net Name=PF10 New Net Name=PE8
Change Net Name : Old Net Name=PF12 New Net Name=PF13
Change Net Name : Old Net Name=PF13 New Net Name=PE13
Change Net Name : Old Net Name=PF14 New Net Name=PD15
Change Net Name : Old Net Name=PF15 New Net Name=PF3
Change Net Name : Old Net Name=PG0 New Net Name=PD0
Change Net Name : Old Net Name=PG1 New Net Name=PF9
Change Net Name : Old Net Name=PG2 New Net Name=PD3
Change Net Name : Old Net Name=PG3 New Net Name=PG2
Change Net Name : Old Net Name=PG4 New Net Name=PG7
Change Net Name : Old Net Name=PG5 New Net Name=PG8
Change Net Name : Old Net Name=PG6 New Net Name=PG5
Change Net Name : Old Net Name=PG7 New Net Name=PD10
Change Net Name : Old Net Name=PG8 New Net Name=PE0
Change Net Name : Old Net Name=PG10 New Net Name=PG15
Change Net Name : Old Net Name=PG11 New Net Name=PG13
Change Net Name : Old Net Name=PG13 New Net Name=PG10
Change Net Name : Old Net Name=PG14 New Net Name=PF12
Change Net Name : Old Net Name=PG15 New Net Name=PE6
Added Pin To Net: NetName=+5Ref Pin=C?-2
Added Pin To Net: NetName=+5Ref Pin=U16-7
Added Pin To Net: NetName=+5Ref Pin=U?-5
Added Pin To Net: NetName=+5Ref Pin=U?-6
Added Net: Name=+5Ref
Added Pin To Net: NetName=NetC?_1 Pin=C?-1
Added Pin To Net: NetName=NetC?_1 Pin=U?-1
Added Net: Name=NetC?_1
Added Pin To Net: NetName=PD5 Pin=CN1-43
Added Net: Name=PD5
Added Pin To Net: NetName=PE1 Pin=CN1-63
Added Net: Name=PE1
Added Pin To Net: NetName=PF14 Pin=CN2-52
Added Net: Name=PF14
Added Pin To Net: NetName=PF15 Pin=CN2-62
Added Net: Name=PF15
Added Pin To Net: NetName=PG1 Pin=CN1-60
Added Net: Name=PG1
Added Pin To Net: NetName=PG4 Pin=CN2-71
Added Net: Name=PG4
Added Pin To Net: NetName=PG6 Pin=CN2-72
Added Net: Name=PG6
Added Pin To Net: NetName=PG11 Pin=CN1-72
Added Net: Name=PG11
Added Pin To Net: NetName=PG14 Pin=CN2-63
Added Net: Name=PG14
Added Member To Class: ClassName=zp_zh Member=Component C? 0.1uF
Added Member To Class: ClassName=zp_zh Member=Component C? 0.1uF
Added Member To Class: ClassName=zp_zh Member=Component U? MAX6070AAUT41+T
Change Room Name: Old Name=Power New Name=Feedback
Change Room Scope: Old Scope=InComponentClass('Power') New Scope=InComponentClass('Feedback')
